[35m[Appium][39m Welcome to Appium v1.22.3
[35m[Appium][39m Non-default server args:
[35m[Appium][39m   port: 63481
[35m[Appium][39m   loglevel: info
[35m[Appium][39m   tmpDir: C:\Users\User\AppData\Local\Temp\\Katalon\Appium\Temp1687680785299
[35m[Appium][39m   chromedriverPort: 63482
[35m[Appium][39m Deprecated server args:
[35m[Appium][39m   [31m--chromedriver-port[39m => --default-capabilities
[35m[Appium][39m Default capabilities, which will be added to each request unless overridden by desired capabilities:
[35m[Appium][39m   chromedriverPort: 63482
[35m[Appium][39m Appium REST http interface listener started on 0.0.0.0:63481
[35m[HTTP][39m [37m-->[39m [37mGET[39m [37m/wd/hub/status[39m
[35m[HTTP][39m [90m{}[39m
[35m[HTTP][39m [37m<-- GET /wd/hub/status [39m[32m200[39m [90m12 ms - 68[39m
[35m[HTTP][39m [90m[39m
[35m[HTTP][39m [37m-->[39m [37mGET[39m [37m/wd/hub/status[39m
[35m[HTTP][39m [90m{}[39m
[35m[HTTP][39m [37m<-- GET /wd/hub/status [39m[32m200[39m [90m2 ms - 68[39m
[35m[HTTP][39m [90m[39m
[35m[HTTP][39m [37m-->[39m [37mPOST[39m [37m/wd/hub/session[39m
[35m[HTTP][39m [90m{"desiredCapabilities":{"appActivity":".Settings","appPackage":"com.android.settings","newCommandTimeout":1800,"platformVersion":"11","automationName":"uiautomator2","autoGrantPermissions":true,"platformName":"Android","udid":"ea94d14d","deviceName":"Xiaomi M2101K6G (Android 11)","platform":"ANDROID","systemPort":8224},"capabilities":{"firstMatch":[{"appium:appActivity":".Settings","appium:appPackage":"com.android.settings","appium:autoGrantPermissions":true,"appium:automationName":"uiautomator2","appium:deviceName":"Xiaomi M2101K6G (Android 11)","appium:newCommandTimeout":1800,"platform":"ANDROID","platformName":"android","appium:platformVersion":"11","appium:systemPort":8224,"appium:udid":"ea94d14d"}]}}[39m
[35m[BaseDriver][39m The following capabilities are not standard capabilities and should have an extension prefix:
[35m[BaseDriver][39m   platform
[35m[BaseDriver][39m   chromedriverPort
[35m[Appium][39m Appium v1.22.3 creating new AndroidUiautomator2Driver (v1.70.1) session
[35m[BaseDriver][39m The following capabilities were provided, but are not recognized by Appium:
[35m[BaseDriver][39m   platform
[35m[BaseDriver][39m Session created with session id: afaf357c-f858-472f-9732-6f86ba142b02
[35m[UiAutomator2][39m Starting 'com.android.settings' directly on the device
[35m[ADB][39m Found 1 'build-tools' folders under 'C:\Users\User\.katalon\tools\android_sdk' (newest first):
[35m[ADB][39m     C:/Users/User/.katalon/tools/android_sdk/build-tools/29.0.3
[35m[ADB][39m Using 'adb.exe' from 'C:\Users\User\.katalon\tools\android_sdk\platform-tools\adb.exe'
[35m[AndroidDriver][39m Retrieving device list
[35m[AndroidDriver][39m Using device: ea94d14d
[35m[ADB][39m Using 'adb.exe' from 'C:\Users\User\.katalon\tools\android_sdk\platform-tools\adb.exe'
[35m[ADB][39m Getting device platform version
[35m[UiAutomator2][39m Relaxing hidden api policy
[35m[AndroidDriver][39m No app sent in, not parsing package/activity
[35m[ADB][39m Using 'apksigner.jar' from 'C:\Users\User\.katalon\tools\android_sdk\build-tools\29.0.3\lib\apksigner.jar'
[35m[ADB][39m 'C:\Users\User\AppData\Roaming\npm\node_modules\appium\node_modules\appium-uiautomator2-server\apks\appium-uiautomator2-server-v4.27.0.apk' is signed with the default certificate
[35m[ADB][39m 'C:\Users\User\AppData\Roaming\npm\node_modules\appium\node_modules\appium-uiautomator2-server\apks\appium-uiautomator2-server-debug-androidTest.apk' is signed with the default certificate
[35m[UiAutomator2][39m Server packages are not going to be (re)installed
[35m[ADB][39m Adding packages ["io.appium.settings","io.appium.uiautomator2.server","io.appium.uiautomator2.server.test"] to Doze whitelist
[35m[UiAutomator2][39m Starting UIAutomator2 server 4.27.0
[35m[UiAutomator2][39m Using UIAutomator2 server from 'C:\Users\User\AppData\Roaming\npm\node_modules\appium\node_modules\appium-uiautomator2-server\apks\appium-uiautomator2-server-v4.27.0.apk' and test from 'C:\Users\User\AppData\Roaming\npm\node_modules\appium\node_modules\appium-uiautomator2-server\apks\appium-uiautomator2-server-debug-androidTest.apk'
[35m[UiAutomator2][39m Waiting up to 30000ms for UiAutomator2 to be online...
[35m[WD Proxy][39m socket hang up
[35m[WD Proxy][39m socket hang up
[35m[WD Proxy][39m socket hang up
[35m[WD Proxy][39m Determined the downstream protocol as 'W3C'
[35m[AndroidDriver][39m Screen already unlocked, doing nothing
[35m[UiAutomator2][39m Starting 'com.android.settings/.Settings and waiting for 'com.android.settings/.Settings'
[35m[Appium][39m New AndroidUiautomator2Driver session created successfully, session afaf357c-f858-472f-9732-6f86ba142b02 added to master session list
[35m[HTTP][39m [37m<-- POST /wd/hub/session [39m[32m200[39m [90m15280 ms - 1143[39m
[35m[HTTP][39m [90m[39m
[35m[HTTP][39m [37m-->[39m [37mGET[39m [37m/wd/hub/session/afaf357c-f858-472f-9732-6f86ba142b02[39m
[35m[HTTP][39m [90m{}[39m
[35m[HTTP][39m [37m<-- GET /wd/hub/session/afaf357c-f858-472f-9732-6f86ba142b02 [39m[32m200[39m [90m13 ms - 1097[39m
[35m[HTTP][39m [90m[39m
[35m[HTTP][39m [37m-->[39m [37mGET[39m [37m/wd/hub/session/afaf357c-f858-472f-9732-6f86ba142b02[39m
[35m[HTTP][39m [90m{}[39m
[35m[HTTP][39m [37m<-- GET /wd/hub/session/afaf357c-f858-472f-9732-6f86ba142b02 [39m[32m200[39m [90m11 ms - 1097[39m
[35m[HTTP][39m [90m[39m
[35m[HTTP][39m [37m-->[39m [37mGET[39m [37m/wd/hub/status[39m
[35m[HTTP][39m [90m{}[39m
[35m[HTTP][39m [37m<-- GET /wd/hub/status [39m[32m200[39m [90m1 ms - 68[39m
[35m[HTTP][39m [90m[39m
[35m[HTTP][39m [37m-->[39m [37mPOST[39m [37m/wd/hub/session/afaf357c-f858-472f-9732-6f86ba142b02/timeouts[39m
[35m[HTTP][39m [90m{"implicit":60000}[39m
[35m[HTTP][39m [37m<-- POST /wd/hub/session/afaf357c-f858-472f-9732-6f86ba142b02/timeouts [39m[32m200[39m [90m6 ms - 14[39m
[35m[HTTP][39m [90m[39m
[35m[HTTP][39m [37m-->[39m [37mGET[39m [37m/wd/hub/session/afaf357c-f858-472f-9732-6f86ba142b02/screenshot[39m
[35m[HTTP][39m [90m{}[39m
[35m[HTTP][39m [37m<-- GET /wd/hub/session/afaf357c-f858-472f-9732-6f86ba142b02/screenshot [39m[32m200[39m [90m423 ms - 262782[39m
[35m[HTTP][39m [90m[39m
[35m[HTTP][39m [37m-->[39m [37mGET[39m [37m/wd/hub/session/afaf357c-f858-472f-9732-6f86ba142b02/window/rect[39m
[35m[HTTP][39m [90m{}[39m
[35m[HTTP][39m [37m<-- GET /wd/hub/session/afaf357c-f858-472f-9732-6f86ba142b02/window/rect [39m[32m200[39m [90m33 ms - 50[39m
[35m[HTTP][39m [90m[39m
[35m[HTTP][39m [37m-->[39m [37mGET[39m [37m/wd/hub/session/afaf357c-f858-472f-9732-6f86ba142b02/appium/device/system_bars[39m
[35m[HTTP][39m [90m{}[39m
[35m[HTTP][39m [37m<-- GET /wd/hub/session/afaf357c-f858-472f-9732-6f86ba142b02/appium/device/system_bars [39m[31m500[39m [90m218 ms - 645[39m
[35m[HTTP][39m [90m[39m
[35m[HTTP][39m [37m-->[39m [37mPOST[39m [37m/wd/hub/session/afaf357c-f858-472f-9732-6f86ba142b02/execute/sync[39m
[35m[HTTP][39m [90m{"script":"mobile:viewportRect","args":[]}[39m
[35m[AndroidDriver][39m Executing native command 'mobile:viewportRect'
[35m[HTTP][39m [37m<-- POST /wd/hub/session/afaf357c-f858-472f-9732-6f86ba142b02/execute/sync [39m[32m200[39m [90m175 ms - 56[39m
[35m[HTTP][39m [90m[39m
[35m[HTTP][39m [37m-->[39m [37mPOST[39m [37m/wd/hub/session/afaf357c-f858-472f-9732-6f86ba142b02/appium/device/activate_app[39m
[35m[HTTP][39m [90m{"bundleId":"com.wahidari.pendaki"}[39m
[35m[HTTP][39m [37m<-- POST /wd/hub/session/afaf357c-f858-472f-9732-6f86ba142b02/appium/device/activate_app [39m[32m200[39m [90m688 ms - 14[39m
[35m[HTTP][39m [90m[39m
[35m[HTTP][39m [37m-->[39m [37mGET[39m [37m/wd/hub/session/afaf357c-f858-472f-9732-6f86ba142b02/source[39m
[35m[HTTP][39m [90m{}[39m
[35m[W3C (afaf357c)][39m Driver proxy active, passing request on via HTTP proxy
[35m[WD Proxy][39m Replacing sessionId d755ddb1-0c05-4ad3-8446-0382fd94d271 with afaf357c-f858-472f-9732-6f86ba142b02
[35m[HTTP][39m [37m<-- GET /wd/hub/session/afaf357c-f858-472f-9732-6f86ba142b02/source [39m[32m200[39m [90m660 ms - 47160[39m
[35m[HTTP][39m [90m[39m
[35m[HTTP][39m [37m-->[39m [37mGET[39m [37m/wd/hub/session/afaf357c-f858-472f-9732-6f86ba142b02/screenshot[39m
[35m[HTTP][39m [90m{}[39m
[35m[HTTP][39m [37m<-- GET /wd/hub/session/afaf357c-f858-472f-9732-6f86ba142b02/screenshot [39m[32m200[39m [90m969 ms - 1437446[39m
[35m[HTTP][39m [90m[39m
[35m[HTTP][39m [37m-->[39m [37mPOST[39m [37m/wd/hub/session/afaf357c-f858-472f-9732-6f86ba142b02/elements[39m
[35m[HTTP][39m [90m{"using":"xpath","value":"//*[@class = 'android.widget.CheckedTextView' and (@text = 'Settings' or . = 'Settings') and @resource-id = 'com.wahidari.pendaki:id/design_menu_item_text']"}[39m
[35m[HTTP][39m [37m<-- POST /wd/hub/session/afaf357c-f858-472f-9732-6f86ba142b02/elements [39m[32m200[39m [90m564 ms - 139[39m
[35m[HTTP][39m [90m[39m
[35m[HTTP][39m [37m-->[39m [37mGET[39m [37m/wd/hub/session/afaf357c-f858-472f-9732-6f86ba142b02/window/rect[39m
[35m[HTTP][39m [90m{}[39m
[35m[HTTP][39m [37m<-- GET /wd/hub/session/afaf357c-f858-472f-9732-6f86ba142b02/window/rect [39m[32m200[39m [90m14 ms - 50[39m
[35m[HTTP][39m [90m[39m
[35m[HTTP][39m [37m-->[39m [37mPOST[39m [37m/wd/hub/session/afaf357c-f858-472f-9732-6f86ba142b02/elements[39m
[35m[HTTP][39m [90m{"using":"xpath","value":"//*[@class = 'android.widget.CheckedTextView' and (@text = 'Settings' or . = 'Settings') and @resource-id = 'com.wahidari.pendaki:id/design_menu_item_text']"}[39m
[35m[HTTP][39m [37m<-- POST /wd/hub/session/afaf357c-f858-472f-9732-6f86ba142b02/elements [39m[32m200[39m [90m254 ms - 139[39m
[35m[HTTP][39m [90m[39m
[35m[HTTP][39m [37m-->[39m [37mGET[39m [37m/wd/hub/session/afaf357c-f858-472f-9732-6f86ba142b02/element/00000000-0000-040e-ffff-ffff000001d8/location[39m
[35m[HTTP][39m [90m{}[39m
[35m[W3C (afaf357c)][39m Driver proxy active, passing request on via HTTP proxy
[35m[WD Proxy][39m Replacing sessionId d755ddb1-0c05-4ad3-8446-0382fd94d271 with afaf357c-f858-472f-9732-6f86ba142b02
[35m[HTTP][39m [37m<-- GET /wd/hub/session/afaf357c-f858-472f-9732-6f86ba142b02/element/00000000-0000-040e-ffff-ffff000001d8/location [39m[32m200[39m [90m29 ms - 78[39m
[35m[HTTP][39m [90m[39m
[35m[HTTP][39m [37m-->[39m [37mPOST[39m [37m/wd/hub/session/afaf357c-f858-472f-9732-6f86ba142b02/element/00000000-0000-040e-ffff-ffff000001d8/click[39m
[35m[HTTP][39m [90m{"id":"00000000-0000-040e-ffff-ffff000001d8"}[39m
[35m[HTTP][39m [37m<-- POST /wd/hub/session/afaf357c-f858-472f-9732-6f86ba142b02/element/00000000-0000-040e-ffff-ffff000001d8/click [39m[32m200[39m [90m93 ms - 14[39m
[35m[HTTP][39m [90m[39m
[35m[HTTP][39m [37m-->[39m [37mGET[39m [37m/wd/hub/session/afaf357c-f858-472f-9732-6f86ba142b02/source[39m
[35m[HTTP][39m [90m{}[39m
[35m[W3C (afaf357c)][39m Driver proxy active, passing request on via HTTP proxy
[35m[WD Proxy][39m Replacing sessionId d755ddb1-0c05-4ad3-8446-0382fd94d271 with afaf357c-f858-472f-9732-6f86ba142b02
[35m[HTTP][39m [37m<-- GET /wd/hub/session/afaf357c-f858-472f-9732-6f86ba142b02/source [39m[32m200[39m [90m178 ms - 4877[39m
[35m[HTTP][39m [90m[39m
[35m[HTTP][39m [37m-->[39m [37mGET[39m [37m/wd/hub/session/afaf357c-f858-472f-9732-6f86ba142b02/screenshot[39m
[35m[HTTP][39m [90m{}[39m
[35m[HTTP][39m [37m<-- GET /wd/hub/session/afaf357c-f858-472f-9732-6f86ba142b02/screenshot [39m[32m200[39m [90m447 ms - 56456[39m
[35m[HTTP][39m [90m[39m
[35m[HTTP][39m [37m-->[39m [37mPOST[39m [37m/wd/hub/session/afaf357c-f858-472f-9732-6f86ba142b02/elements[39m
[35m[HTTP][39m [90m{"using":"xpath","value":"//*[@class = 'android.widget.TextView' and (@text = 'Tentang' or . = 'Tentang')]"}[39m
[35m[HTTP][39m [37m<-- POST /wd/hub/session/afaf357c-f858-472f-9732-6f86ba142b02/elements [39m[32m200[39m [90m114 ms - 139[39m
[35m[HTTP][39m [90m[39m
[35m[HTTP][39m [37m-->[39m [37mGET[39m [37m/wd/hub/session/afaf357c-f858-472f-9732-6f86ba142b02/window/rect[39m
[35m[HTTP][39m [90m{}[39m
[35m[HTTP][39m [37m<-- GET /wd/hub/session/afaf357c-f858-472f-9732-6f86ba142b02/window/rect [39m[32m200[39m [90m15 ms - 50[39m
[35m[HTTP][39m [90m[39m
[35m[HTTP][39m [37m-->[39m [37mPOST[39m [37m/wd/hub/session/afaf357c-f858-472f-9732-6f86ba142b02/elements[39m
[35m[HTTP][39m [90m{"using":"xpath","value":"//*[@class = 'android.widget.TextView' and (@text = 'Tentang' or . = 'Tentang')]"}[39m
[35m[HTTP][39m [37m<-- POST /wd/hub/session/afaf357c-f858-472f-9732-6f86ba142b02/elements [39m[32m200[39m [90m72 ms - 139[39m
[35m[HTTP][39m [90m[39m
[35m[HTTP][39m [37m-->[39m [37mGET[39m [37m/wd/hub/session/afaf357c-f858-472f-9732-6f86ba142b02/element/00000000-0000-0419-ffff-ffff00000202/location[39m
[35m[HTTP][39m [90m{}[39m
[35m[W3C (afaf357c)][39m Driver proxy active, passing request on via HTTP proxy
[35m[WD Proxy][39m Replacing sessionId d755ddb1-0c05-4ad3-8446-0382fd94d271 with afaf357c-f858-472f-9732-6f86ba142b02
[35m[HTTP][39m [37m<-- GET /wd/hub/session/afaf357c-f858-472f-9732-6f86ba142b02/element/00000000-0000-0419-ffff-ffff00000202/location [39m[32m200[39m [90m55 ms - 78[39m
[35m[HTTP][39m [90m[39m
[35m[HTTP][39m [37m-->[39m [37mGET[39m [37m/wd/hub/session/afaf357c-f858-472f-9732-6f86ba142b02/element/00000000-0000-0419-ffff-ffff00000202/text[39m
[35m[HTTP][39m [90m{}[39m
[35m[W3C (afaf357c)][39m Driver proxy active, passing request on via HTTP proxy
[35m[WD Proxy][39m Replacing sessionId d755ddb1-0c05-4ad3-8446-0382fd94d271 with afaf357c-f858-472f-9732-6f86ba142b02
[35m[HTTP][39m [37m<-- GET /wd/hub/session/afaf357c-f858-472f-9732-6f86ba142b02/element/00000000-0000-0419-ffff-ffff00000202/text [39m[32m200[39m [90m39 ms - 70[39m
[35m[HTTP][39m [90m[39m
[35m[HTTP][39m [37m-->[39m [37mGET[39m [37m/wd/hub/session/afaf357c-f858-472f-9732-6f86ba142b02/source[39m
[35m[HTTP][39m [90m{}[39m
[35m[W3C (afaf357c)][39m Driver proxy active, passing request on via HTTP proxy
[35m[WD Proxy][39m Replacing sessionId d755ddb1-0c05-4ad3-8446-0382fd94d271 with afaf357c-f858-472f-9732-6f86ba142b02
[35m[HTTP][39m [37m<-- GET /wd/hub/session/afaf357c-f858-472f-9732-6f86ba142b02/source [39m[32m200[39m [90m73 ms - 4877[39m
[35m[HTTP][39m [90m[39m
[35m[HTTP][39m [37m-->[39m [37mGET[39m [37m/wd/hub/session/afaf357c-f858-472f-9732-6f86ba142b02/screenshot[39m
[35m[HTTP][39m [90m{}[39m
[35m[HTTP][39m [37m<-- GET /wd/hub/session/afaf357c-f858-472f-9732-6f86ba142b02/screenshot [39m[32m200[39m [90m463 ms - 56456[39m
[35m[HTTP][39m [90m[39m
[35m[HTTP][39m [37m-->[39m [37mDELETE[39m [37m/wd/hub/session/afaf357c-f858-472f-9732-6f86ba142b02[39m
[35m[HTTP][39m [90m{}[39m
[35m[Appium][39m Removing session afaf357c-f858-472f-9732-6f86ba142b02 from our master session list
[35m[UiAutomator2][39m Restoring hidden api policy to the device default configuration
[35m[HTTP][39m [37m<-- DELETE /wd/hub/session/afaf357c-f858-472f-9732-6f86ba142b02 [39m[32m200[39m [90m608 ms - 14[39m
[35m[HTTP][39m [90m[39m
